Analysis & Synthesis report for lab5_top
Mon Oct 16 15:49:46 2017
Quartus II 64-Bit Version 15.0.0 Build 145 04/22/2015 SJ Web Edition


---------------------
; Table of Contents ;
---------------------
  1. Legal Notice
  2. Analysis & Synthesis Summary
  3. Analysis & Synthesis Settings
  4. Parallel Compilation
  5. Analysis & Synthesis Source Files Read
  6. Analysis & Synthesis Resource Usage Summary
  7. Analysis & Synthesis Resource Utilization by Entity
  8. Registers Removed During Synthesis
  9. General Register Statistics
 10. Multiplexer Restructuring Statistics (Restructuring Performed)
 11. Parameter Settings for User Entity Instance: input_iface:IN|vDFF:DATA
 12. Parameter Settings for User Entity Instance: input_iface:IN|vDFF:CTRL
 13. Parameter Settings for User Entity Instance: datapath:DP|multiplexer2:firstmux
 14. Parameter Settings for User Entity Instance: datapath:DP|register8_file_16bit:register|decoder:writehotcode
 15. Parameter Settings for User Entity Instance: datapath:DP|register8_file_16bit:register|decoder:readhotcode
 16. Parameter Settings for User Entity Instance: datapath:DP|register8_file_16bit:register|register:reg0
 17. Parameter Settings for User Entity Instance: datapath:DP|register8_file_16bit:register|register:reg1
 18. Parameter Settings for User Entity Instance: datapath:DP|register8_file_16bit:register|register:reg2
 19. Parameter Settings for User Entity Instance: datapath:DP|register8_file_16bit:register|register:reg3
 20. Parameter Settings for User Entity Instance: datapath:DP|register8_file_16bit:register|register:reg4
 21. Parameter Settings for User Entity Instance: datapath:DP|register8_file_16bit:register|register:reg5
 22. Parameter Settings for User Entity Instance: datapath:DP|register8_file_16bit:register|register:reg6
 23. Parameter Settings for User Entity Instance: datapath:DP|register8_file_16bit:register|register:reg7
 24. Parameter Settings for User Entity Instance: datapath:DP|register8_file_16bit:register|multiplexer8:outmux
 25. Parameter Settings for User Entity Instance: datapath:DP|register:regA
 26. Parameter Settings for User Entity Instance: datapath:DP|register:regB
 27. Parameter Settings for User Entity Instance: datapath:DP|multiplexer2:muxA
 28. Parameter Settings for User Entity Instance: datapath:DP|multiplexer2:muxB
 29. Parameter Settings for User Entity Instance: datapath:DP|register:regC
 30. Parameter Settings for User Entity Instance: datapath:DP|register:regS
 31. Port Connectivity Checks: "datapath:DP|register:regS"
 32. Port Connectivity Checks: "datapath:DP|ALU:ALU1"
 33. Port Connectivity Checks: "datapath:DP|multiplexer2:muxB"
 34. Port Connectivity Checks: "datapath:DP|multiplexer2:muxA"
 35. Post-Synthesis Netlist Statistics for Top Partition
 36. Elapsed Time Per Partition
 37. Analysis & Synthesis Messages



----------------
; Legal Notice ;
----------------
Copyright (C) 1991-2015 Altera Corporation. All rights reserved.
Your use of Altera Corporation's design tools, logic functions 
and other software and tools, and its AMPP partner logic 
functions, and any output files from any of the foregoing 
(including device programming or simulation files), and any 
associated documentation or information are expressly subject 
to the terms and conditions of the Altera Program License 
Subscription Agreement, the Altera Quartus II License Agreement,
the Altera MegaCore Function License Agreement, or other 
applicable license agreement, including, without limitation, 
that your use is for the sole purpose of programming logic 
devices manufactured by Altera and sold by Altera or its 
authorized distributors.  Please refer to the applicable 
agreement for further details.



+------------------------------------------------------------------------------+
; Analysis & Synthesis Summary                                                 ;
+---------------------------------+--------------------------------------------+
; Analysis & Synthesis Status     ; Successful - Mon Oct 16 15:49:46 2017      ;
; Quartus II 64-Bit Version       ; 15.0.0 Build 145 04/22/2015 SJ Web Edition ;
; Revision Name                   ; lab5_top                                   ;
; Top-level Entity Name           ; lab5_top                                   ;
; Family                          ; Cyclone V                                  ;
; Logic utilization (in ALMs)     ; N/A                                        ;
; Total registers                 ; 193                                        ;
; Total pins                      ; 67                                         ;
; Total virtual pins              ; 0                                          ;
; Total block memory bits         ; 0                                          ;
; Total DSP Blocks                ; 0                                          ;
; Total HSSI RX PCSs              ; 0                                          ;
; Total HSSI PMA RX Deserializers ; 0                                          ;
; Total HSSI TX PCSs              ; 0                                          ;
; Total HSSI PMA TX Serializers   ; 0                                          ;
; Total PLLs                      ; 0                                          ;
; Total DLLs                      ; 0                                          ;
+---------------------------------+--------------------------------------------+


+---------------------------------------------------------------------------------------------------------------------------+
; Analysis & Synthesis Settings                                                                                             ;
+---------------------------------------------------------------------------------+--------------------+--------------------+
; Option                                                                          ; Setting            ; Default Value      ;
+---------------------------------------------------------------------------------+--------------------+--------------------+
; Device                                                                          ; 5CSEMA5F31C6       ;                    ;
; Top-level entity name                                                           ; lab5_top           ; lab5_top           ;
; Family name                                                                     ; Cyclone V          ; Cyclone V          ;
; Use smart compilation                                                           ; Off                ; Off                ;
; Enable parallel Assembler and TimeQuest Timing Analyzer during compilation      ; On                 ; On                 ;
; Enable compact report table                                                     ; Off                ; Off                ;
; Restructure Multiplexers                                                        ; Auto               ; Auto               ;
; MLAB Add Timing Constraints For Mixed-Port Feed-Through Mode Setting Don't Care ; Off                ; Off                ;
; Create Debugging Nodes for IP Cores                                             ; Off                ; Off                ;
; Preserve fewer node names                                                       ; On                 ; On                 ;
; Disable OpenCore Plus hardware evaluation                                       ; Off                ; Off                ;
; Verilog Version                                                                 ; Verilog_2001       ; Verilog_2001       ;
; VHDL Version                                                                    ; VHDL_1993          ; VHDL_1993          ;
; State Machine Processing                                                        ; Auto               ; Auto               ;
; Safe State Machine                                                              ; Off                ; Off                ;
; Extract Verilog State Machines                                                  ; On                 ; On                 ;
; Extract VHDL State Machines                                                     ; On                 ; On                 ;
; Ignore Verilog initial constructs                                               ; Off                ; Off                ;
; Iteration limit for constant Verilog loops                                      ; 5000               ; 5000               ;
; Iteration limit for non-constant Verilog loops                                  ; 250                ; 250                ;
; Add Pass-Through Logic to Inferred RAMs                                         ; On                 ; On                 ;
; Infer RAMs from Raw Logic                                                       ; On                 ; On                 ;
; Parallel Synthesis                                                              ; On                 ; On                 ;
; DSP Block Balancing                                                             ; Auto               ; Auto               ;
; NOT Gate Push-Back                                                              ; On                 ; On                 ;
; Power-Up Don't Care                                                             ; On                 ; On                 ;
; Remove Redundant Logic Cells                                                    ; Off                ; Off                ;
; Remove Duplicate Registers                                                      ; On                 ; On                 ;
; Ignore CARRY Buffers                                                            ; Off                ; Off                ;
; Ignore CASCADE Buffers                                                          ; Off                ; Off                ;
; Ignore GLOBAL Buffers                                                           ; Off                ; Off                ;
; Ignore ROW GLOBAL Buffers                                                       ; Off                ; Off                ;
; Ignore LCELL Buffers                                                            ; Off                ; Off                ;
; Ignore SOFT Buffers                                                             ; On                 ; On                 ;
; Limit AHDL Integers to 32 Bits                                                  ; Off                ; Off                ;
; Optimization Technique                                                          ; Balanced           ; Balanced           ;
; Carry Chain Length                                                              ; 70                 ; 70                 ;
; Auto Carry Chains                                                               ; On                 ; On                 ;
; Auto Open-Drain Pins                                                            ; On                 ; On                 ;
; Perform WYSIWYG Primitive Resynthesis                                           ; Off                ; Off                ;
; Auto ROM Replacement                                                            ; On                 ; On                 ;
; Auto RAM Replacement                                                            ; On                 ; On                 ;
; Auto DSP Block Replacement                                                      ; On                 ; On                 ;
; Auto Shift Register Replacement                                                 ; Auto               ; Auto               ;
; Allow Shift Register Merging across Hierarchies                                 ; Auto               ; Auto               ;
; Auto Clock Enable Replacement                                                   ; On                 ; On                 ;
; Strict RAM Replacement                                                          ; Off                ; Off                ;
; Allow Synchronous Control Signals                                               ; On                 ; On                 ;
; Force Use of Synchronous Clear Signals                                          ; Off                ; Off                ;
; Auto Resource Sharing                                                           ; Off                ; Off                ;
; Allow Any RAM Size For Recognition                                              ; Off                ; Off                ;
; Allow Any ROM Size For Recognition                                              ; Off                ; Off                ;
; Allow Any Shift Register Size For Recognition                                   ; Off                ; Off                ;
; Use LogicLock Constraints during Resource Balancing                             ; On                 ; On                 ;
; Ignore translate_off and synthesis_off directives                               ; Off                ; Off                ;
; Timing-Driven Synthesis                                                         ; On                 ; On                 ;
; Report Parameter Settings                                                       ; On                 ; On                 ;
; Report Source Assignments                                                       ; On                 ; On                 ;
; Report Connectivity Checks                                                      ; On                 ; On                 ;
; Ignore Maximum Fan-Out Assignments                                              ; Off                ; Off                ;
; Synchronization Register Chain Length                                           ; 3                  ; 3                  ;
; PowerPlay Power Optimization During Synthesis                                   ; Normal compilation ; Normal compilation ;
; HDL message level                                                               ; Level2             ; Level2             ;
; Suppress Register Optimization Related Messages                                 ; Off                ; Off                ;
; Number of Removed Registers Reported in Synthesis Report                        ; 5000               ; 5000               ;
; Number of Swept Nodes Reported in Synthesis Report                              ; 5000               ; 5000               ;
; Number of Inverted Registers Reported in Synthesis Report                       ; 100                ; 100                ;
; Clock MUX Protection                                                            ; On                 ; On                 ;
; Auto Gated Clock Conversion                                                     ; Off                ; Off                ;
; Block Design Naming                                                             ; Auto               ; Auto               ;
; SDC constraint protection                                                       ; Off                ; Off                ;
; Synthesis Effort                                                                ; Auto               ; Auto               ;
; Shift Register Replacement - Allow Asynchronous Clear Signal                    ; On                 ; On                 ;
; Pre-Mapping Resynthesis Optimization                                            ; Off                ; Off                ;
; Analysis & Synthesis Message Level                                              ; Medium             ; Medium             ;
; Disable Register Merging Across Hierarchies                                     ; Auto               ; Auto               ;
; Resource Aware Inference For Block RAM                                          ; On                 ; On                 ;
; Synthesis Seed                                                                  ; 1                  ; 1                  ;
; Automatic Parallel Synthesis                                                    ; On                 ; On                 ;
; Partial Reconfiguration Bitstream ID                                            ; Off                ; Off                ;
+---------------------------------------------------------------------------------+--------------------+--------------------+


Parallel compilation was disabled, but you have multiple processors available. Enable parallel compilation to reduce compilation time.
+-------------------------------------+
; Parallel Compilation                ;
+----------------------------+--------+
; Processors                 ; Number ;
+----------------------------+--------+
; Number detected on machine ; 4      ;
; Maximum allowed            ; 1      ;
+----------------------------+--------+


+-------------------------------------------------------------------------------------------------------------------------------------------------------------------------+
; Analysis & Synthesis Source Files Read                                                                                                                                  ;
+----------------------------------+-----------------+------------------------+---------------------------------------------------------------------------------+---------+
; File Name with User-Entered Path ; Used in Netlist ; File Type              ; File Name with Absolute Path                                                    ; Library ;
+----------------------------------+-----------------+------------------------+---------------------------------------------------------------------------------+---------+
; shifter.v                        ; yes             ; User Verilog HDL File  ; C:/Users/Ray Allen/OneDrive/Documents/School/2nd Year/CPEN 211/Lab 5/shifter.v  ;         ;
; regfile.v                        ; yes             ; User Verilog HDL File  ; C:/Users/Ray Allen/OneDrive/Documents/School/2nd Year/CPEN 211/Lab 5/regfile.v  ;         ;
; lab5_top.v                       ; yes             ; User Verilog HDL File  ; C:/Users/Ray Allen/OneDrive/Documents/School/2nd Year/CPEN 211/Lab 5/lab5_top.v ;         ;
; alu.v                            ; yes             ; User Verilog HDL File  ; C:/Users/Ray Allen/OneDrive/Documents/School/2nd Year/CPEN 211/Lab 5/alu.v      ;         ;
+----------------------------------+-----------------+------------------------+---------------------------------------------------------------------------------+---------+


+------------------------------------------------------------+
; Analysis & Synthesis Resource Usage Summary                ;
+---------------------------------------------+--------------+
; Resource                                    ; Usage        ;
+---------------------------------------------+--------------+
; Estimate of Logic utilization (ALMs needed) ; 132          ;
;                                             ;              ;
; Combinational ALUT usage for logic          ; 164          ;
;     -- 7 input functions                    ; 0            ;
;     -- 6 input functions                    ; 30           ;
;     -- 5 input functions                    ; 36           ;
;     -- 4 input functions                    ; 66           ;
;     -- <=3 input functions                  ; 32           ;
;                                             ;              ;
; Dedicated logic registers                   ; 193          ;
;                                             ;              ;
; I/O pins                                    ; 67           ;
;                                             ;              ;
; Total DSP Blocks                            ; 0            ;
;                                             ;              ;
; Maximum fan-out node                        ; KEY[0]~input ;
; Maximum fan-out                             ; 176          ;
; Total fan-out                               ; 1437         ;
; Average fan-out                             ; 2.93         ;
+---------------------------------------------+--------------+


+--------------------------------------------------------------------------------------------------------------------------------------------------------------------------------------------------------------------------+
; Analysis & Synthesis Resource Utilization by Entity                                                                                                                                                                      ;
+---------------------------------------+-------------------+--------------+-------------------+------------+------+--------------+-------------------------------------------------------------------------+--------------+
; Compilation Hierarchy Node            ; LC Combinationals ; LC Registers ; Block Memory Bits ; DSP Blocks ; Pins ; Virtual Pins ; Full Hierarchy Name                                                     ; Library Name ;
+---------------------------------------+-------------------+--------------+-------------------+------------+------+--------------+-------------------------------------------------------------------------+--------------+
; |lab5_top                             ; 164 (2)           ; 193 (0)      ; 0                 ; 0          ; 67   ; 0            ; |lab5_top                                                               ; work         ;
;    |datapath:DP|                      ; 125 (0)           ; 176 (0)      ; 0                 ; 0          ; 0    ; 0            ; |lab5_top|datapath:DP                                                   ; work         ;
;       |ALU:ALU1|                      ; 33 (33)           ; 0 (0)        ; 0                 ; 0          ; 0    ; 0            ; |lab5_top|datapath:DP|ALU:ALU1                                          ; work         ;
;       |multiplexer2:firstmux|         ; 16 (16)           ; 0 (0)        ; 0                 ; 0          ; 0    ; 0            ; |lab5_top|datapath:DP|multiplexer2:firstmux                             ; work         ;
;       |multiplexer2:muxA|             ; 1 (1)             ; 0 (0)        ; 0                 ; 0          ; 0    ; 0            ; |lab5_top|datapath:DP|multiplexer2:muxA                                 ; work         ;
;       |multiplexer2:muxB|             ; 16 (16)           ; 0 (0)        ; 0                 ; 0          ; 0    ; 0            ; |lab5_top|datapath:DP|multiplexer2:muxB                                 ; work         ;
;       |register8_file_16bit:register| ; 59 (9)            ; 128 (0)      ; 0                 ; 0          ; 0    ; 0            ; |lab5_top|datapath:DP|register8_file_16bit:register                     ; work         ;
;          |decoder:readhotcode|        ; 1 (1)             ; 0 (0)        ; 0                 ; 0          ; 0    ; 0            ; |lab5_top|datapath:DP|register8_file_16bit:register|decoder:readhotcode ; work         ;
;          |multiplexer8:outmux|        ; 49 (49)           ; 0 (0)        ; 0                 ; 0          ; 0    ; 0            ; |lab5_top|datapath:DP|register8_file_16bit:register|multiplexer8:outmux ; work         ;
;          |register:reg0|              ; 0 (0)             ; 16 (16)      ; 0                 ; 0          ; 0    ; 0            ; |lab5_top|datapath:DP|register8_file_16bit:register|register:reg0       ; work         ;
;          |register:reg1|              ; 0 (0)             ; 16 (16)      ; 0                 ; 0          ; 0    ; 0            ; |lab5_top|datapath:DP|register8_file_16bit:register|register:reg1       ; work         ;
;          |register:reg2|              ; 0 (0)             ; 16 (16)      ; 0                 ; 0          ; 0    ; 0            ; |lab5_top|datapath:DP|register8_file_16bit:register|register:reg2       ; work         ;
;          |register:reg3|              ; 0 (0)             ; 16 (16)      ; 0                 ; 0          ; 0    ; 0            ; |lab5_top|datapath:DP|register8_file_16bit:register|register:reg3       ; work         ;
;          |register:reg4|              ; 0 (0)             ; 16 (16)      ; 0                 ; 0          ; 0    ; 0            ; |lab5_top|datapath:DP|register8_file_16bit:register|register:reg4       ; work         ;
;          |register:reg5|              ; 0 (0)             ; 16 (16)      ; 0                 ; 0          ; 0    ; 0            ; |lab5_top|datapath:DP|register8_file_16bit:register|register:reg5       ; work         ;
;          |register:reg6|              ; 0 (0)             ; 16 (16)      ; 0                 ; 0          ; 0    ; 0            ; |lab5_top|datapath:DP|register8_file_16bit:register|register:reg6       ; work         ;
;          |register:reg7|              ; 0 (0)             ; 16 (16)      ; 0                 ; 0          ; 0    ; 0            ; |lab5_top|datapath:DP|register8_file_16bit:register|register:reg7       ; work         ;
;       |register:regA|                 ; 0 (0)             ; 16 (16)      ; 0                 ; 0          ; 0    ; 0            ; |lab5_top|datapath:DP|register:regA                                     ; work         ;
;       |register:regB|                 ; 0 (0)             ; 16 (16)      ; 0                 ; 0          ; 0    ; 0            ; |lab5_top|datapath:DP|register:regB                                     ; work         ;
;       |register:regC|                 ; 0 (0)             ; 16 (16)      ; 0                 ; 0          ; 0    ; 0            ; |lab5_top|datapath:DP|register:regC                                     ; work         ;
;    |input_iface:IN|                   ; 9 (9)             ; 17 (0)       ; 0                 ; 0          ; 0    ; 0            ; |lab5_top|input_iface:IN                                                ; work         ;
;       |vDFF:CTRL|                     ; 0 (0)             ; 9 (9)        ; 0                 ; 0          ; 0    ; 0            ; |lab5_top|input_iface:IN|vDFF:CTRL                                      ; work         ;
;       |vDFF:DATA|                     ; 0 (0)             ; 8 (8)        ; 0                 ; 0          ; 0    ; 0            ; |lab5_top|input_iface:IN|vDFF:DATA                                      ; work         ;
;    |sseg:H0|                          ; 7 (7)             ; 0 (0)        ; 0                 ; 0          ; 0    ; 0            ; |lab5_top|sseg:H0                                                       ; work         ;
;    |sseg:H1|                          ; 7 (7)             ; 0 (0)        ; 0                 ; 0          ; 0    ; 0            ; |lab5_top|sseg:H1                                                       ; work         ;
;    |sseg:H2|                          ; 7 (7)             ; 0 (0)        ; 0                 ; 0          ; 0    ; 0            ; |lab5_top|sseg:H2                                                       ; work         ;
;    |sseg:H3|                          ; 7 (7)             ; 0 (0)        ; 0                 ; 0          ; 0    ; 0            ; |lab5_top|sseg:H3                                                       ; work         ;
+---------------------------------------+-------------------+--------------+-------------------+------------+------+--------------+-------------------------------------------------------------------------+--------------+
Note: For table entries with two numbers listed, the numbers in parentheses indicate the number of resources of the given type used by the specific entity alone. The numbers listed outside of parentheses indicate the total resources of the given type used by the specific entity and all of its sub-entities in the hierarchy.


+--------------------------------------------------------------------------------+
; Registers Removed During Synthesis                                             ;
+---------------------------------------+----------------------------------------+
; Register name                         ; Reason for Removal                     ;
+---------------------------------------+----------------------------------------+
; input_iface:IN|vDFF:DATA|Q[8..15]     ; Stuck at GND due to stuck port data_in ;
; Total Number of Removed Registers = 8 ;                                        ;
+---------------------------------------+----------------------------------------+


+------------------------------------------------------+
; General Register Statistics                          ;
+----------------------------------------------+-------+
; Statistic                                    ; Value ;
+----------------------------------------------+-------+
; Total registers                              ; 193   ;
; Number of registers using Synchronous Clear  ; 0     ;
; Number of registers using Synchronous Load   ; 16    ;
; Number of registers using Asynchronous Clear ; 0     ;
; Number of registers using Asynchronous Load  ; 0     ;
; Number of registers using Clock Enable       ; 193   ;
; Number of registers using Preset             ; 0     ;
+----------------------------------------------+-------+


+-------------------------------------------------------------------------------------------------------------------------------------------------------------------------------------------------+
; Multiplexer Restructuring Statistics (Restructuring Performed)                                                                                                                                  ;
+--------------------+-----------+---------------+----------------------+------------------------+------------+-----------------------------------------------------------------------------------+
; Multiplexer Inputs ; Bus Width ; Baseline Area ; Area if Restructured ; Saving if Restructured ; Registered ; Example Multiplexer Output                                                        ;
+--------------------+-----------+---------------+----------------------+------------------------+------------+-----------------------------------------------------------------------------------+
; 4:1                ; 16 bits   ; 32 LEs        ; 32 LEs               ; 0 LEs                  ; Yes        ; |lab5_top|datapath:DP|register:regC|out[4]                                        ;
; 5:1                ; 10 bits   ; 30 LEs        ; 20 LEs               ; 10 LEs                 ; No         ; |lab5_top|datapath:DP|multiplexer2:muxB|b[5]                                      ;
; 5:1                ; 4 bits    ; 12 LEs        ; 8 LEs                ; 4 LEs                  ; No         ; |lab5_top|datapath:DP|multiplexer2:muxB|b[2]                                      ;
; 8:1                ; 16 bits   ; 80 LEs        ; 80 LEs               ; 0 LEs                  ; No         ; |lab5_top|datapath:DP|register8_file_16bit:register|multiplexer8:outmux|Selector7 ;
+--------------------+-----------+---------------+----------------------+------------------------+------------+-----------------------------------------------------------------------------------+


+-----------------------------------------------------------------------+
; Parameter Settings for User Entity Instance: input_iface:IN|vDFF:DATA ;
+----------------+-------+----------------------------------------------+
; Parameter Name ; Value ; Type                                         ;
+----------------+-------+----------------------------------------------+
; n              ; 16    ; Signed Integer                               ;
+----------------+-------+----------------------------------------------+
Note: In order to hide this table in the UI and the text report file, please set the "Show Parameter Settings in Synthesis Report" option in "Analysis and Synthesis Settings -> More Settings" to "Off".


+-----------------------------------------------------------------------+
; Parameter Settings for User Entity Instance: input_iface:IN|vDFF:CTRL ;
+----------------+-------+----------------------------------------------+
; Parameter Name ; Value ; Type                                         ;
+----------------+-------+----------------------------------------------+
; n              ; 9     ; Signed Integer                               ;
+----------------+-------+----------------------------------------------+
Note: In order to hide this table in the UI and the text report file, please set the "Show Parameter Settings in Synthesis Report" option in "Analysis and Synthesis Settings -> More Settings" to "Off".


+--------------------------------------------------------------------------------+
; Parameter Settings for User Entity Instance: datapath:DP|multiplexer2:firstmux ;
+----------------+-------+-------------------------------------------------------+
; Parameter Name ; Value ; Type                                                  ;
+----------------+-------+-------------------------------------------------------+
; k              ; 16    ; Signed Integer                                        ;
+----------------+-------+-------------------------------------------------------+
Note: In order to hide this table in the UI and the text report file, please set the "Show Parameter Settings in Synthesis Report" option in "Analysis and Synthesis Settings -> More Settings" to "Off".


+-------------------------------------------------------------------------------------------------------------+
; Parameter Settings for User Entity Instance: datapath:DP|register8_file_16bit:register|decoder:writehotcode ;
+----------------+-------+------------------------------------------------------------------------------------+
; Parameter Name ; Value ; Type                                                                               ;
+----------------+-------+------------------------------------------------------------------------------------+
; n              ; 3     ; Signed Integer                                                                     ;
; m              ; 8     ; Signed Integer                                                                     ;
+----------------+-------+------------------------------------------------------------------------------------+
Note: In order to hide this table in the UI and the text report file, please set the "Show Parameter Settings in Synthesis Report" option in "Analysis and Synthesis Settings -> More Settings" to "Off".


+------------------------------------------------------------------------------------------------------------+
; Parameter Settings for User Entity Instance: datapath:DP|register8_file_16bit:register|decoder:readhotcode ;
+----------------+-------+-----------------------------------------------------------------------------------+
; Parameter Name ; Value ; Type                                                                              ;
+----------------+-------+-----------------------------------------------------------------------------------+
; n              ; 3     ; Signed Integer                                                                    ;
; m              ; 8     ; Signed Integer                                                                    ;
+----------------+-------+-----------------------------------------------------------------------------------+
Note: In order to hide this table in the UI and the text report file, please set the "Show Parameter Settings in Synthesis Report" option in "Analysis and Synthesis Settings -> More Settings" to "Off".


+------------------------------------------------------------------------------------------------------+
; Parameter Settings for User Entity Instance: datapath:DP|register8_file_16bit:register|register:reg0 ;
+----------------+-------+-----------------------------------------------------------------------------+
; Parameter Name ; Value ; Type                                                                        ;
+----------------+-------+-----------------------------------------------------------------------------+
; n              ; 16    ; Signed Integer                                                              ;
+----------------+-------+-----------------------------------------------------------------------------+
Note: In order to hide this table in the UI and the text report file, please set the "Show Parameter Settings in Synthesis Report" option in "Analysis and Synthesis Settings -> More Settings" to "Off".


+------------------------------------------------------------------------------------------------------+
; Parameter Settings for User Entity Instance: datapath:DP|register8_file_16bit:register|register:reg1 ;
+----------------+-------+-----------------------------------------------------------------------------+
; Parameter Name ; Value ; Type                                                                        ;
+----------------+-------+-----------------------------------------------------------------------------+
; n              ; 16    ; Signed Integer                                                              ;
+----------------+-------+-----------------------------------------------------------------------------+
Note: In order to hide this table in the UI and the text report file, please set the "Show Parameter Settings in Synthesis Report" option in "Analysis and Synthesis Settings -> More Settings" to "Off".


+------------------------------------------------------------------------------------------------------+
; Parameter Settings for User Entity Instance: datapath:DP|register8_file_16bit:register|register:reg2 ;
+----------------+-------+-----------------------------------------------------------------------------+
; Parameter Name ; Value ; Type                                                                        ;
+----------------+-------+-----------------------------------------------------------------------------+
; n              ; 16    ; Signed Integer                                                              ;
+----------------+-------+-----------------------------------------------------------------------------+
Note: In order to hide this table in the UI and the text report file, please set the "Show Parameter Settings in Synthesis Report" option in "Analysis and Synthesis Settings -> More Settings" to "Off".


+------------------------------------------------------------------------------------------------------+
; Parameter Settings for User Entity Instance: datapath:DP|register8_file_16bit:register|register:reg3 ;
+----------------+-------+-----------------------------------------------------------------------------+
; Parameter Name ; Value ; Type                                                                        ;
+----------------+-------+-----------------------------------------------------------------------------+
; n              ; 16    ; Signed Integer                                                              ;
+----------------+-------+-----------------------------------------------------------------------------+
Note: In order to hide this table in the UI and the text report file, please set the "Show Parameter Settings in Synthesis Report" option in "Analysis and Synthesis Settings -> More Settings" to "Off".


+------------------------------------------------------------------------------------------------------+
; Parameter Settings for User Entity Instance: datapath:DP|register8_file_16bit:register|register:reg4 ;
+----------------+-------+-----------------------------------------------------------------------------+
; Parameter Name ; Value ; Type                                                                        ;
+----------------+-------+-----------------------------------------------------------------------------+
; n              ; 16    ; Signed Integer                                                              ;
+----------------+-------+-----------------------------------------------------------------------------+
Note: In order to hide this table in the UI and the text report file, please set the "Show Parameter Settings in Synthesis Report" option in "Analysis and Synthesis Settings -> More Settings" to "Off".


+------------------------------------------------------------------------------------------------------+
; Parameter Settings for User Entity Instance: datapath:DP|register8_file_16bit:register|register:reg5 ;
+----------------+-------+-----------------------------------------------------------------------------+
; Parameter Name ; Value ; Type                                                                        ;
+----------------+-------+-----------------------------------------------------------------------------+
; n              ; 16    ; Signed Integer                                                              ;
+----------------+-------+-----------------------------------------------------------------------------+
Note: In order to hide this table in the UI and the text report file, please set the "Show Parameter Settings in Synthesis Report" option in "Analysis and Synthesis Settings -> More Settings" to "Off".


+------------------------------------------------------------------------------------------------------+
; Parameter Settings for User Entity Instance: datapath:DP|register8_file_16bit:register|register:reg6 ;
+----------------+-------+-----------------------------------------------------------------------------+
; Parameter Name ; Value ; Type                                                                        ;
+----------------+-------+-----------------------------------------------------------------------------+
; n              ; 16    ; Signed Integer                                                              ;
+----------------+-------+-----------------------------------------------------------------------------+
Note: In order to hide this table in the UI and the text report file, please set the "Show Parameter Settings in Synthesis Report" option in "Analysis and Synthesis Settings -> More Settings" to "Off".


+------------------------------------------------------------------------------------------------------+
; Parameter Settings for User Entity Instance: datapath:DP|register8_file_16bit:register|register:reg7 ;
+----------------+-------+-----------------------------------------------------------------------------+
; Parameter Name ; Value ; Type                                                                        ;
+----------------+-------+-----------------------------------------------------------------------------+
; n              ; 16    ; Signed Integer                                                              ;
+----------------+-------+-----------------------------------------------------------------------------+
Note: In order to hide this table in the UI and the text report file, please set the "Show Parameter Settings in Synthesis Report" option in "Analysis and Synthesis Settings -> More Settings" to "Off".


+------------------------------------------------------------------------------------------------------------+
; Parameter Settings for User Entity Instance: datapath:DP|register8_file_16bit:register|multiplexer8:outmux ;
+----------------+-------+-----------------------------------------------------------------------------------+
; Parameter Name ; Value ; Type                                                                              ;
+----------------+-------+-----------------------------------------------------------------------------------+
; k              ; 16    ; Signed Integer                                                                    ;
+----------------+-------+-----------------------------------------------------------------------------------+
Note: In order to hide this table in the UI and the text report file, please set the "Show Parameter Settings in Synthesis Report" option in "Analysis and Synthesis Settings -> More Settings" to "Off".


+------------------------------------------------------------------------+
; Parameter Settings for User Entity Instance: datapath:DP|register:regA ;
+----------------+-------+-----------------------------------------------+
; Parameter Name ; Value ; Type                                          ;
+----------------+-------+-----------------------------------------------+
; n              ; 16    ; Signed Integer                                ;
+----------------+-------+-----------------------------------------------+
Note: In order to hide this table in the UI and the text report file, please set the "Show Parameter Settings in Synthesis Report" option in "Analysis and Synthesis Settings -> More Settings" to "Off".


+------------------------------------------------------------------------+
; Parameter Settings for User Entity Instance: datapath:DP|register:regB ;
+----------------+-------+-----------------------------------------------+
; Parameter Name ; Value ; Type                                          ;
+----------------+-------+-----------------------------------------------+
; n              ; 16    ; Signed Integer                                ;
+----------------+-------+-----------------------------------------------+
Note: In order to hide this table in the UI and the text report file, please set the "Show Parameter Settings in Synthesis Report" option in "Analysis and Synthesis Settings -> More Settings" to "Off".


+----------------------------------------------------------------------------+
; Parameter Settings for User Entity Instance: datapath:DP|multiplexer2:muxA ;
+----------------+-------+---------------------------------------------------+
; Parameter Name ; Value ; Type                                              ;
+----------------+-------+---------------------------------------------------+
; k              ; 16    ; Signed Integer                                    ;
+----------------+-------+---------------------------------------------------+
Note: In order to hide this table in the UI and the text report file, please set the "Show Parameter Settings in Synthesis Report" option in "Analysis and Synthesis Settings -> More Settings" to "Off".


+----------------------------------------------------------------------------+
; Parameter Settings for User Entity Instance: datapath:DP|multiplexer2:muxB ;
+----------------+-------+---------------------------------------------------+
; Parameter Name ; Value ; Type                                              ;
+----------------+-------+---------------------------------------------------+
; k              ; 16    ; Signed Integer                                    ;
+----------------+-------+---------------------------------------------------+
Note: In order to hide this table in the UI and the text report file, please set the "Show Parameter Settings in Synthesis Report" option in "Analysis and Synthesis Settings -> More Settings" to "Off".


+------------------------------------------------------------------------+
; Parameter Settings for User Entity Instance: datapath:DP|register:regC ;
+----------------+-------+-----------------------------------------------+
; Parameter Name ; Value ; Type                                          ;
+----------------+-------+-----------------------------------------------+
; n              ; 16    ; Signed Integer                                ;
+----------------+-------+-----------------------------------------------+
Note: In order to hide this table in the UI and the text report file, please set the "Show Parameter Settings in Synthesis Report" option in "Analysis and Synthesis Settings -> More Settings" to "Off".


+------------------------------------------------------------------------+
; Parameter Settings for User Entity Instance: datapath:DP|register:regS ;
+----------------+-------+-----------------------------------------------+
; Parameter Name ; Value ; Type                                          ;
+----------------+-------+-----------------------------------------------+
; n              ; 1     ; Signed Integer                                ;
+----------------+-------+-----------------------------------------------+
Note: In order to hide this table in the UI and the text report file, please set the "Show Parameter Settings in Synthesis Report" option in "Analysis and Synthesis Settings -> More Settings" to "Off".


+----------------------------------------------------------------------------------------------------------------+
; Port Connectivity Checks: "datapath:DP|register:regS"                                                          ;
+------+--------+----------+-------------------------------------------------------------------------------------+
; Port ; Type   ; Severity ; Details                                                                             ;
+------+--------+----------+-------------------------------------------------------------------------------------+
; out  ; Output ; Info     ; Connected to dangling logic. Logic that only feeds a dangling port will be removed. ;
+------+--------+----------+-------------------------------------------------------------------------------------+


+------------------------------------------------------------------------------------------------------------------+
; Port Connectivity Checks: "datapath:DP|ALU:ALU1"                                                                 ;
+--------+--------+----------+-------------------------------------------------------------------------------------+
; Port   ; Type   ; Severity ; Details                                                                             ;
+--------+--------+----------+-------------------------------------------------------------------------------------+
; status ; Output ; Info     ; Connected to dangling logic. Logic that only feeds a dangling port will be removed. ;
+--------+--------+----------+-------------------------------------------------------------------------------------+


+-----------------------------------------------------------+
; Port Connectivity Checks: "datapath:DP|multiplexer2:muxB" ;
+-----------+-------+----------+----------------------------+
; Port      ; Type  ; Severity ; Details                    ;
+-----------+-------+----------+----------------------------+
; a1[15..5] ; Input ; Info     ; Stuck at GND               ;
+-----------+-------+----------+----------------------------+


+-----------------------------------------------------------+
; Port Connectivity Checks: "datapath:DP|multiplexer2:muxA" ;
+------+-------+----------+---------------------------------+
; Port ; Type  ; Severity ; Details                         ;
+------+-------+----------+---------------------------------+
; a1   ; Input ; Info     ; Stuck at GND                    ;
+------+-------+----------+---------------------------------+


+-----------------------------------------------------+
; Post-Synthesis Netlist Statistics for Top Partition ;
+-----------------------+-----------------------------+
; Type                  ; Count                       ;
+-----------------------+-----------------------------+
; arriav_ff             ; 193                         ;
;     ENA               ; 177                         ;
;     ENA SLD           ; 16                          ;
; arriav_lcell_comb     ; 170                         ;
;     arith             ; 17                          ;
;         1 data inputs ; 1                           ;
;         4 data inputs ; 14                          ;
;         5 data inputs ; 2                           ;
;     normal            ; 153                         ;
;         0 data inputs ; 2                           ;
;         1 data inputs ; 4                           ;
;         2 data inputs ; 12                          ;
;         3 data inputs ; 19                          ;
;         4 data inputs ; 52                          ;
;         5 data inputs ; 34                          ;
;         6 data inputs ; 30                          ;
; boundary_port         ; 67                          ;
;                       ;                             ;
; Max LUT depth         ; 4.40                        ;
; Average LUT depth     ; 2.10                        ;
+-----------------------+-----------------------------+


+-------------------------------+
; Elapsed Time Per Partition    ;
+----------------+--------------+
; Partition Name ; Elapsed Time ;
+----------------+--------------+
; Top            ; 00:00:00     ;
+----------------+--------------+


+-------------------------------+
; Analysis & Synthesis Messages ;
+-------------------------------+
Info: *******************************************************************
Info: Running Quartus II 64-Bit Analysis & Synthesis
    Info: Version 15.0.0 Build 145 04/22/2015 SJ Web Edition
    Info: Processing started: Mon Oct 16 15:49:32 2017
Info: Command: quartus_map --read_settings_files=on --write_settings_files=off lab5_top -c lab5_top
Warning (20028): Parallel compilation is not licensed and has been disabled
Info (12021): Found 1 design units, including 1 entities, in source file shifter_tb.v
    Info (12023): Found entity 1: shifter16_tb
Info (12021): Found 1 design units, including 1 entities, in source file shifter.v
    Info (12023): Found entity 1: shifter16
Info (12021): Found 1 design units, including 1 entities, in source file regfile_tb.v
    Info (12023): Found entity 1: register8_file_16bit_tb
Info (12021): Found 2 design units, including 2 entities, in source file regfile.v
    Info (12023): Found entity 1: register8_file_16bit
    Info (12023): Found entity 2: register
Info (12021): Found 8 design units, including 8 entities, in source file lab5_top.v
    Info (12023): Found entity 1: lab5_top
    Info (12023): Found entity 2: datapath
    Info (12023): Found entity 3: input_iface
    Info (12023): Found entity 4: vDFF
    Info (12023): Found entity 5: sseg
    Info (12023): Found entity 6: multiplexer8
    Info (12023): Found entity 7: multiplexer2
    Info (12023): Found entity 8: decoder
Info (12021): Found 1 design units, including 1 entities, in source file lab5_tb.v
    Info (12023): Found entity 1: datapath_tb
Info (12021): Found 1 design units, including 1 entities, in source file alu_tb.v
    Info (12023): Found entity 1: ALU_tb
Info (12021): Found 1 design units, including 1 entities, in source file alu.v
    Info (12023): Found entity 1: ALU
Warning (10236): Verilog HDL Implicit Net warning at lab5_top.v(122): created implicit net for "regStatus"
Warning (10236): Verilog HDL Implicit Net warning at lab5_top.v(122): created implicit net for "NULL"
Info (12127): Elaborating entity "lab5_top" for the top level hierarchy
Info (12128): Elaborating entity "input_iface" for hierarchy "input_iface:IN"
Info (12128): Elaborating entity "vDFF" for hierarchy "input_iface:IN|vDFF:DATA"
Info (12128): Elaborating entity "vDFF" for hierarchy "input_iface:IN|vDFF:CTRL"
Info (12128): Elaborating entity "datapath" for hierarchy "datapath:DP"
Info (12128): Elaborating entity "multiplexer2" for hierarchy "datapath:DP|multiplexer2:firstmux"
Info (12128): Elaborating entity "register8_file_16bit" for hierarchy "datapath:DP|register8_file_16bit:register"
Info (12128): Elaborating entity "decoder" for hierarchy "datapath:DP|register8_file_16bit:register|decoder:writehotcode"
Warning (10230): Verilog HDL assignment warning at lab5_top.v(259): truncated value with size 32 to match size of target (8)
Info (12128): Elaborating entity "register" for hierarchy "datapath:DP|register8_file_16bit:register|register:reg0"
Info (12128): Elaborating entity "multiplexer8" for hierarchy "datapath:DP|register8_file_16bit:register|multiplexer8:outmux"
Info (10264): Verilog HDL Case Statement information at lab5_top.v(217): all case item expressions in this case statement are onehot
Info (12128): Elaborating entity "shifter16" for hierarchy "datapath:DP|shifter16:shiftB"
Info (12128): Elaborating entity "ALU" for hierarchy "datapath:DP|ALU:ALU1"
Warning (10034): Output port "status" at alu.v(10) has no driver
Info (12128): Elaborating entity "register" for hierarchy "datapath:DP|register:regS"
Info (12128): Elaborating entity "sseg" for hierarchy "sseg:H0"
Warning (13024): Output pins are stuck at VCC or GND
    Warning (13410): Pin "LEDR[9]" is stuck at GND
    Warning (13410): Pin "HEX4[0]" is stuck at VCC
    Warning (13410): Pin "HEX4[1]" is stuck at VCC
    Warning (13410): Pin "HEX4[2]" is stuck at VCC
    Warning (13410): Pin "HEX4[3]" is stuck at VCC
    Warning (13410): Pin "HEX4[4]" is stuck at VCC
    Warning (13410): Pin "HEX4[5]" is stuck at VCC
    Warning (13410): Pin "HEX4[6]" is stuck at GND
    Warning (13410): Pin "HEX5[0]" is stuck at VCC
    Warning (13410): Pin "HEX5[1]" is stuck at VCC
    Warning (13410): Pin "HEX5[2]" is stuck at VCC
    Warning (13410): Pin "HEX5[3]" is stuck at VCC
    Warning (13410): Pin "HEX5[4]" is stuck at VCC
    Warning (13410): Pin "HEX5[5]" is stuck at VCC
    Warning (13410): Pin "HEX5[6]" is stuck at GND
Info (286030): Timing-Driven Synthesis is running
Info (16010): Generating hard_block partition "hard_block:auto_generated_inst"
    Info (16011): Adding 0 node(s), including 0 DDIO, 0 PLL, 0 transceiver and 0 LCELL
Warning (21074): Design contains 3 input pin(s) that do not drive logic
    Warning (15610): No output dependent on input pin "KEY[1]"
    Warning (15610): No output dependent on input pin "KEY[2]"
    Warning (15610): No output dependent on input pin "KEY[3]"
Info (21057): Implemented 408 device resources after synthesis - the final resource count might be different
    Info (21058): Implemented 15 input pins
    Info (21059): Implemented 52 output pins
    Info (21061): Implemented 341 logic cells
Info: Quartus II 64-Bit Analysis & Synthesis was successful. 0 errors, 25 warnings
    Info: Peak virtual memory: 783 megabytes
    Info: Processing ended: Mon Oct 16 15:49:46 2017
    Info: Elapsed time: 00:00:14
    Info: Total CPU time (on all processors): 00:00:32


